# JRE version: Java(TM) SE Runtime Environment 18.9 (11.0.14+8) (build 11.0.14+8-LTS-263)
# Java VM: Java HotSpot(TM) 64-Bit Server VM 18.9 (11.0.14+8-LTS-263, mixed mode, tiered, compressed oops, g1 gc, windows-amd64)
Heap:
 garbage-first heap   total 129024K, used 16033K [0x0000000083a00000, 0x0000000100000000)
  region size 1024K, 13 young (13312K), 5 survivors (5120K)
 Metaspace       used 28577K, capacity 29200K, committed 29440K, reserved 1075200K
  class space    used 3249K, capacity 3515K, committed 3584K, reserved 1048576K
GC Heap History (10 events):
Event: 1.087 GC heap before
{Heap before GC invocations=0 (full 0):
 garbage-first heap   total 129024K, used 13312K [0x0000000083a00000, 0x0000000100000000)
  region size 1024K, 14 young (14336K), 0 survivors (0K)
 Metaspace       used 11445K, capacity 11656K, committed 11776K, reserved 1060864K
  class space    used 1132K, capacity 1209K, committed 1280K, reserved 1048576K
}
Event: 1.092 GC heap after
{Heap after GC invocations=1 (full 0):
 garbage-first heap   total 129024K, used 4409K [0x0000000083a00000, 0x0000000100000000)
  region size 1024K, 2 young (2048K), 2 survivors (2048K)
 Metaspace       used 11445K, capacity 11656K, committed 11776K, reserved 1060864K
  class space    used 1132K, capacity 1209K, committed 1280K, reserved 1048576K
}
Event: 1.350 GC heap before
{Heap before GC invocations=1 (full 0):
 garbage-first heap   total 129024K, used 12601K [0x0000000083a00000, 0x0000000100000000)
  region size 1024K, 10 young (10240K), 2 survivors (2048K)
 Metaspace       used 13477K, capacity 13715K, committed 13824K, reserved 1060864K
  class space    used 1383K, capacity 1474K, committed 1536K, reserved 1048576K
}
Event: 1.353 GC heap after
{Heap after GC invocations=2 (full 0):
 garbage-first heap   total 129024K, used 5361K [0x0000000083a00000, 0x0000000100000000)
  region size 1024K, 1 young (1024K), 1 survivors (1024K)
 Metaspace       used 13477K, capacity 13715K, committed 13824K, reserved 1060864K
  class space    used 1383K, capacity 1474K, committed 1536K, reserved 1048576K
}
Event: 2.175 GC heap before
{Heap before GC invocations=2 (full 0):
 garbage-first heap   total 129024K, used 30961K [0x0000000083a00000, 0x0000000100000000)
  region size 1024K, 27 young (27648K), 1 survivors (1024K)
 Metaspace       used 20356K, capacity 20879K, committed 20992K, reserved 1067008K
  class space    used 2260K, capacity 2456K, committed 2560K, reserved 1048576K
}
Event: 2.183 GC heap after
{Heap after GC invocations=3 (full 0):
 garbage-first heap   total 129024K, used 6957K [0x0000000083a00000, 0x0000000100000000)
  region size 1024K, 3 young (3072K), 3 survivors (3072K)
 Metaspace       used 20356K, capacity 20879K, committed 20992K, reserved 1067008K
  class space    used 2260K, capacity 2456K, committed 2560K, reserved 1048576K
}
Event: 2.201 GC heap before
{Heap before GC invocations=3 (full 0):
 garbage-first heap   total 129024K, used 7981K [0x0000000083a00000, 0x0000000100000000)
  region size 1024K, 5 young (5120K), 3 survivors (3072K)
 Metaspace       used 20689K, capacity 21173K, committed 21248K, reserved 1069056K
  class space    used 2292K, capacity 2490K, committed 2560K, reserved 1048576K
}
Event: 2.203 GC heap after
{Heap after GC invocations=4 (full 0):
 garbage-first heap   total 129024K, used 7039K [0x0000000083a00000, 0x0000000100000000)
  region size 1024K, 3 young (3072K), 3 survivors (3072K)
 Metaspace       used 20689K, capacity 21173K, committed 21248K, reserved 1069056K
  class space    used 2292K, capacity 2490K, committed 2560K, reserved 1048576K
}
Event: 3.572 GC heap before
{Heap before GC invocations=5 (full 0):
 garbage-first heap   total 129024K, used 53119K [0x0000000083a00000, 0x0000000100000000)
  region size 1024K, 49 young (50176K), 3 survivors (3072K)
 Metaspace       used 27607K, capacity 28237K, committed 28544K, reserved 1075200K
  class space    used 3136K, capacity 3371K, committed 3456K, reserved 1048576K
}
Event: 3.581 GC heap after
{Heap after GC invocations=6 (full 0):
 garbage-first heap   total 129024K, used 8865K [0x0000000083a00000, 0x0000000100000000)
  region size 1024K, 5 young (5120K), 5 survivors (5120K)
 Metaspace       used 27607K, capacity 28237K, committed 28544K, reserved 1075200K
  class space    used 3136K, capacity 3371K, committed 3456K, reserved 1048576K
}

